<?xml version="1.0" encoding="UTF-8"?>
<!-- Generated by org.testng.reporters.JUnitXMLReporter -->
<testsuite ignored="2" hostname="TNBVPLL00020" failures="1" tests="3" name="Surefire test" time="13.297" errors="0" timestamp="2025-03-20T18:18:47 IST">
  <testcase classname="genaral.BaseClass" name="@BeforeClass beforClass" time="0.002">
    <failure type="java.lang.NullPointerException" message="Cannot invoke &amp;quot;String.equalsIgnoreCase(String)&amp;quot; because &amp;quot;this.browser&amp;quot; is null">
      <![CDATA[java.lang.NullPointerException: Cannot invoke "String.equalsIgnoreCase(String)" because "this.browser" is null
at genaral.BaseClass.beforClass(BaseClass.java:37)
at java.base/java.util.ArrayList.forEach(ArrayList.java:1597)
... Removed 28 stack frames]]>
    </failure>
  </testcase> <!-- @BeforeClass beforClass -->
  <testcase classname="genaral.BaseClass" name="@BeforeMethod beforeMethod" time="0.0">
    <skipped/>
  </testcase> <!-- @BeforeMethod beforeMethod -->
  <testcase classname="genaral.BaseClass" name="@AfterMethod afterMethod" time="0.0">
    <skipped/>
  </testcase> <!-- @AfterMethod afterMethod -->
  <testcase classname="genaral.BaseClass" name="@AfterClass afterClass" time="0.0">
    <skipped/>
  </testcase> <!-- @AfterClass afterClass -->
  <testcase classname="ci.com.HomePageTest" name="failtest" time="0.883">
    <failure type="java.lang.AssertionError" message="The following asserts failed:
	expected [false] but found [true]">
      <![CDATA[java.lang.AssertionError: The following asserts failed:
expected [false] but found [true]
at ci.com.HomePageTest.failtest(HomePageTest.java:31)
at java.base/java.util.ArrayList.forEach(ArrayList.java:1597)
... Removed 32 stack frames]]>
    </failure>
  </testcase> <!-- failtest -->
  <testcase classname="ci.com.HomePageTest" name="linkTest" time="0.318"/>
  <testcase classname="ci.com.TestClass" name="test" time="0.0">
    <skipped/>
  </testcase> <!-- test -->
  <testcase classname="genaral.BaseClass" name="@AfterSuite afteresuit" time="0.0">
    <ignored/>
  </testcase> <!-- @AfterSuite afteresuit -->
  <testcase classname="genaral.BaseClass" name="@BeforeSuite beforesuit" time="0.0">
    <ignored/>
  </testcase> <!-- @BeforeSuite beforesuit -->
</testsuite> <!-- Surefire test -->
