<?xml version="1.0" encoding="UTF-8"?>
<!-- Generated by org.testng.reporters.JUnitXMLReporter -->
<testsuite ignored="2" hostname="TNBVPLL00020" failures="0" tests="2" name="Test" time="16.862" errors="0" timestamp="2025-03-18T16:26:13 IST">
  <testcase classname="ci.com.TestClass" name="test" time="0.008"/>
  <testcase classname="ci.com.HomePageTest" name="linkTest" time="0.909"/>
  <testcase classname="genaral.BaseClass" name="@BeforeSuite beforesuit" time="0.0">
    <ignored/>
  </testcase> <!-- @BeforeSuite beforesuit -->
  <testcase classname="genaral.BaseClass" name="@AfterSuite afteresuit" time="0.0">
    <ignored/>
  </testcase> <!-- @AfterSuite afteresuit -->
</testsuite> <!-- Test -->
