<?xml version="1.0" encoding="UTF-8"?>
<!-- Generated by org.testng.reporters.JUnitXMLReporter -->
<testsuite ignored="0" hostname="TNBVPLL00020" failures="1" tests="2" name="Test" time="16.904" errors="0" timestamp="2025-03-20T17:51:03 IST">
  <testcase classname="ci.com.HomePageTest" name="failtest" time="0.895">
    <failure type="java.lang.AssertionError" message="The following asserts failed:
	expected [false] but found [true]">
      <![CDATA[java.lang.AssertionError: The following asserts failed:
expected [false] but found [true]
at ci.com.HomePageTest.failtest(HomePageTest.java:31)
at java.base/java.util.ArrayList.forEach(ArrayList.java:1511)
... Removed 29 stack frames]]>
    </failure>
  </testcase> <!-- failtest -->
  <testcase classname="ci.com.HomePageTest" name="linkTest" time="2.05"/>
</testsuite> <!-- Test -->
