<?xml version="1.0" encoding="UTF-8"?>
<testng-results ignored="0" total="3" passed="2" failed="1" skipped="0">
  <reporter-output>
  </reporter-output>
  <suite started-at="2025-03-21T15:26:41 IST" name="Surefire suite" finished-at="2025-03-21T15:26:58 IST" duration-ms="17778">
    <groups>
    </groups>
    <test started-at="2025-03-21T15:26:41 IST" name="Surefire test" finished-at="2025-03-21T15:26:58 IST" duration-ms="17778">
      <class name="ci.com.TestClass">
        <test-method is-config="true" signature="beforClass()[pri:0, instance:ci.com.TestClass@441772e]" started-at="2025-03-21T15:26:53 IST" name="beforClass" finished-at="2025-03-21T15:26:55 IST" duration-ms="1917" status="PASS">
          <reporter-output>
          </reporter-output>
        </test-method> <!-- beforClass -->
        <test-method is-config="true" signature="beforeMethod()[pri:0, instance:ci.com.TestClass@441772e]" started-at="2025-03-21T15:26:55 IST" name="beforeMethod" finished-at="2025-03-21T15:26:58 IST" duration-ms="2949" status="PASS">
          <reporter-output>
          </reporter-output>
        </test-method> <!-- beforeMethod -->
        <test-method signature="test()[pri:0, instance:ci.com.TestClass@441772e]" started-at="2025-03-21T15:26:58 IST" name="test" finished-at="2025-03-21T15:26:58 IST" duration-ms="1" status="PASS">
          <reporter-output>
          </reporter-output>
        </test-method> <!-- test -->
        <test-method is-config="true" signature="afterMethod()[pri:0, instance:ci.com.TestClass@441772e]" started-at="2025-03-21T15:26:58 IST" name="afterMethod" finished-at="2025-03-21T15:26:58 IST" duration-ms="1" status="PASS">
          <reporter-output>
          </reporter-output>
        </test-method> <!-- afterMethod -->
        <test-method is-config="true" signature="afterClass()[pri:0, instance:ci.com.TestClass@441772e]" started-at="2025-03-21T15:26:58 IST" name="afterClass" finished-at="2025-03-21T15:26:58 IST" duration-ms="265" status="PASS">
          <reporter-output>
          </reporter-output>
        </test-method> <!-- afterClass -->
      </class> <!-- ci.com.TestClass -->
      <class name="ci.com.HomePageTest">
        <test-method is-config="true" signature="beforesuit()[pri:0, instance:ci.com.HomePageTest@59fd97a8]" started-at="2025-03-21T15:26:41 IST" name="beforesuit" finished-at="2025-03-21T15:26:41 IST" duration-ms="24" status="PASS">
          <reporter-output>
          </reporter-output>
        </test-method> <!-- beforesuit -->
        <test-method is-config="true" signature="beforClass()[pri:0, instance:ci.com.HomePageTest@59fd97a8]" started-at="2025-03-21T15:26:41 IST" name="beforClass" finished-at="2025-03-21T15:26:44 IST" duration-ms="3369" status="PASS">
          <reporter-output>
          </reporter-output>
        </test-method> <!-- beforClass -->
        <test-method is-config="true" signature="beforeMethod()[pri:0, instance:ci.com.HomePageTest@59fd97a8]" started-at="2025-03-21T15:26:44 IST" name="beforeMethod" finished-at="2025-03-21T15:26:49 IST" duration-ms="5229" status="PASS">
          <reporter-output>
          </reporter-output>
        </test-method> <!-- beforeMethod -->
        <test-method signature="failtest()[pri:0, instance:ci.com.HomePageTest@59fd97a8]" started-at="2025-03-21T15:26:49 IST" name="failtest" finished-at="2025-03-21T15:26:50 IST" duration-ms="1088" status="FAIL">
          <exception class="java.lang.AssertionError">
            <message>
              <![CDATA[The following asserts failed:
expected [false] but found [true]]]>
            </message>
            <full-stacktrace>
              <![CDATA[java.lang.AssertionError: The following asserts failed:
expected [false] but found [true]
at org.testng.asserts.SoftAssert.assertAll(SoftAssert.java:46)
at org.testng.asserts.SoftAssert.assertAll(SoftAssert.java:30)
at ci.com.HomePageTest.failtest(HomePageTest.java:31)
at java.base/jdk.internal.reflect.DirectMethodHandleAccessor.invoke(DirectMethodHandleAccessor.java:103)
at java.base/java.lang.reflect.Method.invoke(Method.java:580)
at org.testng.internal.invokers.MethodInvocationHelper.invokeMethod(MethodInvocationHelper.java:141)
at org.testng.internal.invokers.TestInvoker.invokeMethod(TestInvoker.java:687)
at org.testng.internal.invokers.TestInvoker.invokeTestMethod(TestInvoker.java:230)
at org.testng.internal.invokers.MethodRunner.runInSequence(MethodRunner.java:63)
at org.testng.internal.invokers.TestInvoker$MethodInvocationAgent.invoke(TestInvoker.java:995)
at org.testng.internal.invokers.TestInvoker.invokeTestMethods(TestInvoker.java:203)
at org.testng.internal.invokers.TestMethodWorker.invokeTestMethods(TestMethodWorker.java:154)
at org.testng.internal.invokers.TestMethodWorker.run(TestMethodWorker.java:134)
at java.base/java.util.ArrayList.forEach(ArrayList.java:1597)
at org.testng.TestRunner.privateRun(TestRunner.java:741)
at org.testng.TestRunner.run(TestRunner.java:616)
at org.testng.SuiteRunner.runTest(SuiteRunner.java:421)
at org.testng.SuiteRunner.runSequentially(SuiteRunner.java:413)
at org.testng.SuiteRunner.privateRun(SuiteRunner.java:373)
at org.testng.SuiteRunner.run(SuiteRunner.java:312)
at org.testng.SuiteRunnerWorker.runSuite(SuiteRunnerWorker.java:52)
at org.testng.SuiteRunnerWorker.run(SuiteRunnerWorker.java:95)
at org.testng.TestNG.runSuitesSequentially(TestNG.java:1274)
at org.testng.TestNG.runSuitesLocally(TestNG.java:1208)
at org.testng.TestNG.runSuites(TestNG.java:1112)
at org.testng.TestNG.run(TestNG.java:1079)
at org.apache.maven.surefire.testng.TestNGExecutor.run(TestNGExecutor.java:155)
at org.apache.maven.surefire.testng.TestNGDirectoryTestSuite.executeMulti(TestNGDirectoryTestSuite.java:169)
at org.apache.maven.surefire.testng.TestNGDirectoryTestSuite.execute(TestNGDirectoryTestSuite.java:88)
at org.apache.maven.surefire.testng.TestNGProvider.invoke(TestNGProvider.java:137)
at org.apache.maven.surefire.booter.ForkedBooter.runSuitesInProcess(ForkedBooter.java:385)
at org.apache.maven.surefire.booter.ForkedBooter.execute(ForkedBooter.java:162)
at org.apache.maven.surefire.booter.ForkedBooter.run(ForkedBooter.java:507)
at org.apache.maven.surefire.booter.ForkedBooter.main(ForkedBooter.java:495)
]]>
            </full-stacktrace>
          </exception> <!-- java.lang.AssertionError -->
          <reporter-output>
          </reporter-output>
        </test-method> <!-- failtest -->
        <test-method is-config="true" signature="afterMethod()[pri:0, instance:ci.com.HomePageTest@59fd97a8]" started-at="2025-03-21T15:26:50 IST" name="afterMethod" finished-at="2025-03-21T15:26:50 IST" duration-ms="1" status="PASS">
          <reporter-output>
          </reporter-output>
        </test-method> <!-- afterMethod -->
        <test-method is-config="true" signature="beforeMethod()[pri:0, instance:ci.com.HomePageTest@59fd97a8]" started-at="2025-03-21T15:26:50 IST" name="beforeMethod" finished-at="2025-03-21T15:26:53 IST" duration-ms="2181" status="PASS">
          <reporter-output>
          </reporter-output>
        </test-method> <!-- beforeMethod -->
        <test-method signature="linkTest()[pri:0, instance:ci.com.HomePageTest@59fd97a8]" started-at="2025-03-21T15:26:53 IST" name="linkTest" finished-at="2025-03-21T15:26:53 IST" duration-ms="359" status="PASS">
          <reporter-output>
          </reporter-output>
        </test-method> <!-- linkTest -->
        <test-method is-config="true" signature="afterMethod()[pri:0, instance:ci.com.HomePageTest@59fd97a8]" started-at="2025-03-21T15:26:53 IST" name="afterMethod" finished-at="2025-03-21T15:26:53 IST" duration-ms="0" status="PASS">
          <reporter-output>
          </reporter-output>
        </test-method> <!-- afterMethod -->
        <test-method is-config="true" signature="afterClass()[pri:0, instance:ci.com.HomePageTest@59fd97a8]" started-at="2025-03-21T15:26:53 IST" name="afterClass" finished-at="2025-03-21T15:26:53 IST" duration-ms="327" status="PASS">
          <reporter-output>
          </reporter-output>
        </test-method> <!-- afterClass -->
        <test-method is-config="true" signature="afteresuit()[pri:0, instance:ci.com.HomePageTest@59fd97a8]" started-at="2025-03-21T15:26:59 IST" name="afteresuit" finished-at="2025-03-21T15:26:59 IST" duration-ms="0" status="PASS">
          <reporter-output>
          </reporter-output>
        </test-method> <!-- afteresuit -->
      </class> <!-- ci.com.HomePageTest -->
    </test> <!-- Surefire test -->
  </suite> <!-- Surefire suite -->
</testng-results>
