<?xml version="1.0" encoding="UTF-8"?>
<testng-results ignored="0" total="2" passed="2" failed="0" skipped="0">
  <reporter-output>
  </reporter-output>
  <suite started-at="2025-03-12T17:00:39 IST" name="Surefire suite" finished-at="2025-03-12T17:00:57 IST" duration-ms="17650">
    <groups>
    </groups>
    <test started-at="2025-03-12T17:00:39 IST" name="Surefire test" finished-at="2025-03-12T17:00:57 IST" duration-ms="17650">
      <class name="testCases.LoginTest">
        <test-method is-config="true" signature="setup()[pri:0, instance:testCases.LoginTest@2ea227af]" started-at="2025-03-12T17:00:39 IST" name="setup" finished-at="2025-03-12T17:00:51 IST" duration-ms="11658" status="PASS">
          <reporter-output>
          </reporter-output>
        </test-method> <!-- setup -->
        <test-method signature="loginTest()[pri:0, instance:testCases.LoginTest@2ea227af]" started-at="2025-03-12T17:00:51 IST" name="loginTest" finished-at="2025-03-12T17:00:51 IST" duration-ms="594" status="PASS">
          <reporter-output>
          </reporter-output>
        </test-method> <!-- loginTest -->
        <test-method is-config="true" signature="tearDown()[pri:0, instance:testCases.LoginTest@2ea227af]" started-at="2025-03-12T17:00:51 IST" name="tearDown" finished-at="2025-03-12T17:00:52 IST" duration-ms="357" status="PASS">
          <reporter-output>
          </reporter-output>
        </test-method> <!-- tearDown -->
        <test-method is-config="true" signature="setup()[pri:0, instance:testCases.LoginTest@2ea227af]" started-at="2025-03-12T17:00:52 IST" name="setup" finished-at="2025-03-12T17:00:56 IST" duration-ms="4600" status="PASS">
          <reporter-output>
          </reporter-output>
        </test-method> <!-- setup -->
        <test-method signature="testcase2()[pri:0, instance:testCases.LoginTest@2ea227af]" started-at="2025-03-12T17:00:56 IST" name="testcase2" finished-at="2025-03-12T17:00:56 IST" duration-ms="2" status="PASS">
          <reporter-output>
          </reporter-output>
        </test-method> <!-- testcase2 -->
        <test-method is-config="true" signature="tearDown()[pri:0, instance:testCases.LoginTest@2ea227af]" started-at="2025-03-12T17:00:56 IST" name="tearDown" finished-at="2025-03-12T17:00:57 IST" duration-ms="359" status="PASS">
          <reporter-output>
          </reporter-output>
        </test-method> <!-- tearDown -->
      </class> <!-- testCases.LoginTest -->
    </test> <!-- Surefire test -->
  </suite> <!-- Surefire suite -->
</testng-results>
