<?xml version="1.0" encoding="UTF-8"?>
<testng-results ignored="2" total="4" passed="2" failed="0" skipped="0">
  <reporter-output>
  </reporter-output>
  <suite started-at="2025-03-18T16:25:56 IST" name="Suite" finished-at="2025-03-18T16:26:13 IST" duration-ms="16862">
    <groups>
    </groups>
    <test started-at="2025-03-18T16:25:56 IST" name="Test" finished-at="2025-03-18T16:26:13 IST" duration-ms="16862">
      <class name="ci.com.TestClass">
        <test-method is-config="true" signature="beforesuit()[pri:0, instance:ci.com.TestClass@52719fb6]" started-at="2025-03-18T16:25:56 IST" name="beforesuit" finished-at="2025-03-18T16:25:56 IST" duration-ms="16" status="PASS">
          <reporter-output>
          </reporter-output>
        </test-method> <!-- beforesuit -->
        <test-method is-config="true" signature="beforClass()[pri:0, instance:ci.com.TestClass@52719fb6]" started-at="2025-03-18T16:25:56 IST" name="beforClass" finished-at="2025-03-18T16:26:00 IST" duration-ms="4228" status="PASS">
          <reporter-output>
          </reporter-output>
        </test-method> <!-- beforClass -->
        <test-method is-config="true" signature="beforeMethod()[pri:0, instance:ci.com.TestClass@52719fb6]" started-at="2025-03-18T16:26:01 IST" name="beforeMethod" finished-at="2025-03-18T16:26:05 IST" duration-ms="4719" status="PASS">
          <reporter-output>
          </reporter-output>
        </test-method> <!-- beforeMethod -->
        <test-method signature="test()[pri:0, instance:ci.com.TestClass@52719fb6]" started-at="2025-03-18T16:26:05 IST" name="test" finished-at="2025-03-18T16:26:05 IST" duration-ms="8" status="PASS">
          <reporter-output>
          </reporter-output>
        </test-method> <!-- test -->
        <test-method is-config="true" signature="afterMethod()[pri:0, instance:ci.com.TestClass@52719fb6]" started-at="2025-03-18T16:26:05 IST" name="afterMethod" finished-at="2025-03-18T16:26:06 IST" duration-ms="465" status="PASS">
          <reporter-output>
          </reporter-output>
        </test-method> <!-- afterMethod -->
        <test-method is-config="true" signature="afterClass()[pri:0, instance:ci.com.TestClass@52719fb6]" started-at="2025-03-18T16:26:06 IST" name="afterClass" finished-at="2025-03-18T16:26:06 IST" duration-ms="1" status="PASS">
          <reporter-output>
          </reporter-output>
        </test-method> <!-- afterClass -->
        <test-method is-config="true" signature="afteresuit()[pri:0, instance:ci.com.TestClass@52719fb6]" started-at="2025-03-18T16:26:13 IST" name="afteresuit" finished-at="2025-03-18T16:26:13 IST" duration-ms="0" status="PASS">
          <reporter-output>
          </reporter-output>
        </test-method> <!-- afteresuit -->
      </class> <!-- ci.com.TestClass -->
      <class name="ci.com.HomePageTest">
        <test-method is-config="true" signature="beforClass()[pri:0, instance:ci.com.HomePageTest@65c7a252]" started-at="2025-03-18T16:26:06 IST" name="beforClass" finished-at="2025-03-18T16:26:08 IST" duration-ms="2446" status="PASS">
          <reporter-output>
          </reporter-output>
        </test-method> <!-- beforClass -->
        <test-method is-config="true" signature="beforeMethod()[pri:0, instance:ci.com.HomePageTest@65c7a252]" started-at="2025-03-18T16:26:08 IST" name="beforeMethod" finished-at="2025-03-18T16:26:12 IST" duration-ms="3583" status="PASS">
          <reporter-output>
          </reporter-output>
        </test-method> <!-- beforeMethod -->
        <test-method signature="linkTest()[pri:0, instance:ci.com.HomePageTest@65c7a252]" started-at="2025-03-18T16:26:12 IST" name="linkTest" finished-at="2025-03-18T16:26:13 IST" duration-ms="909" status="PASS">
          <reporter-output>
          </reporter-output>
        </test-method> <!-- linkTest -->
        <test-method is-config="true" signature="afterMethod()[pri:0, instance:ci.com.HomePageTest@65c7a252]" started-at="2025-03-18T16:26:13 IST" name="afterMethod" finished-at="2025-03-18T16:26:13 IST" duration-ms="425" status="PASS">
          <reporter-output>
          </reporter-output>
        </test-method> <!-- afterMethod -->
        <test-method is-config="true" signature="afterClass()[pri:0, instance:ci.com.HomePageTest@65c7a252]" started-at="2025-03-18T16:26:13 IST" name="afterClass" finished-at="2025-03-18T16:26:13 IST" duration-ms="0" status="PASS">
          <reporter-output>
          </reporter-output>
        </test-method> <!-- afterClass -->
      </class> <!-- ci.com.HomePageTest -->
    </test> <!-- Test -->
  </suite> <!-- Suite -->
</testng-results>
